::1 - - [08/Apr/2019:12:09:12 +0000] "GET /api/create HTTP/1.1" 404 2038 "-" "PostmanRuntime/7.6.1"
::1 - - [08/Apr/2019:12:09:12 +0000] "POST /api/create HTTP/1.1" 200 2 "-" "PostmanRuntime/7.6.1"
::1 - - [08/Apr/2019:12:09:12 +0000] "GET /api/create HTTP/1.1" - - "-" "PostmanRuntime/7.6.1"
::1 - - [08/Apr/2019:12:09:12 +0000] "GET /api/create HTTP/1.1" - - "-" "PostmanRuntime/7.6.1"
::1 - - [08/Apr/2019:12:09:12 +0000] "GET /api/create HTTP/1.1" - - "-" "Mozilla/5.0 (Windows NT 10.0; Win64; x64) AppleWebKit/537.36 (KHTML, like Gecko) Chrome/73.0.3683.86 Safari/537.36"
::1 - - [08/Apr/2019:12:09:12 +0000] "GET /api/create HTTP/1.1" - - "-" "Mozilla/5.0 (Windows NT 10.0; Win64; x64) AppleWebKit/537.36 (KHTML, like Gecko) Chrome/73.0.3683.86 Safari/537.36"
::1 - - [08/Apr/2019:12:09:12 +0000] "GET /api/create HTTP/1.1" - - "-" "PostmanRuntime/7.6.1"
::1 - - [08/Apr/2019:12:09:12 +0000] "GET /api/create HTTP/1.1" 404 2038 "-" "PostmanRuntime/7.6.1"
::1 - - [08/Apr/2019:12:10:16 +0000] "GET /api/create HTTP/1.1" 404 2038 "-" "PostmanRuntime/7.6.1"
::1 - - [08/Apr/2019:12:10:31 +0000] "GET /api/create HTTP/1.1" 200 2 "-" "PostmanRuntime/7.6.1"
::1 - - [08/Apr/2019:12:11:35 +0000] "GET /api/create HTTP/1.1" 200 2 "-" "PostmanRuntime/7.6.1"
::1 - - [08/Apr/2019:12:14:45 +0000] "GET /api/create HTTP/1.1" 200 2 "-" "PostmanRuntime/7.6.1"
::1 - - [08/Apr/2019:12:15:10 +0000] "GET /api/create HTTP/1.1" 200 2 "-" "PostmanRuntime/7.6.1"
::1 - - [08/Apr/2019:12:19:54 +0000] "GET /api/create HTTP/1.1" 200 - "-" "PostmanRuntime/7.6.1"
::1 - - [08/Apr/2019:12:20:19 +0000] "GET /api/create HTTP/1.1" 200 - "-" "PostmanRuntime/7.6.1"
::1 - - [08/Apr/2019:12:20:58 +0000] "GET /api/create HTTP/1.1" 200 - "-" "PostmanRuntime/7.6.1"
::1 - - [08/Apr/2019:12:21:28 +0000] "GET /api/create HTTP/1.1" 200 - "-" "PostmanRuntime/7.6.1"
::1 - - [08/Apr/2019:12:27:42 +0000] "GET /api/create HTTP/1.1" 200 - "-" "PostmanRuntime/7.6.1"
::1 - - [08/Apr/2019:12:29:05 +0000] "GET /api/create HTTP/1.1" 200 - "-" "PostmanRuntime/7.6.1"
::1 - - [08/Apr/2019:12:29:25 +0000] "GET /api/create HTTP/1.1" 200 - "-" "PostmanRuntime/7.6.1"
::1 - - [08/Apr/2019:12:31:53 +0000] "GET /api/create HTTP/1.1" 200 522 "-" "PostmanRuntime/7.6.1"
::1 - - [08/Apr/2019:12:32:44 +0000] "GET /api/create HTTP/1.1" 200 312 "-" "PostmanRuntime/7.6.1"
::1 - - [08/Apr/2019:12:38:45 +0000] "GET /api/create HTTP/1.1" 200 2 "-" "Mozilla/5.0 (Windows NT 10.0; Win64; x64) AppleWebKit/537.36 (KHTML, like Gecko) Chrome/73.0.3683.86 Safari/537.36"
::1 - - [08/Apr/2019:12:38:46 +0000] "GET /favicon.ico HTTP/1.1" 404 2020 "http://localhost:7878/api/create" "Mozilla/5.0 (Windows NT 10.0; Win64; x64) AppleWebKit/537.36 (KHTML, like Gecko) Chrome/73.0.3683.86 Safari/537.36"
::1 - - [08/Apr/2019:12:39:07 +0000] "GET /api/create HTTP/1.1" 200 532 "-" "Mozilla/5.0 (Windows NT 10.0; Win64; x64) AppleWebKit/537.36 (KHTML, like Gecko) Chrome/73.0.3683.86 Safari/537.36"
::1 - - [08/Apr/2019:12:40:03 +0000] "GET /api/create HTTP/1.1" 200 170 "-" "Mozilla/5.0 (Windows NT 10.0; Win64; x64) AppleWebKit/537.36 (KHTML, like Gecko) Chrome/73.0.3683.86 Safari/537.36"
::1 - - [08/Apr/2019:12:40:37 +0000] "GET /api/create HTTP/1.1" 200 532 "-" "Mozilla/5.0 (Windows NT 10.0; Win64; x64) AppleWebKit/537.36 (KHTML, like Gecko) Chrome/73.0.3683.86 Safari/537.36"
::1 - - [08/Apr/2019:12:40:50 +0000] "GET /api/create HTTP/1.1" 200 312 "-" "Mozilla/5.0 (Windows NT 10.0; Win64; x64) AppleWebKit/537.36 (KHTML, like Gecko) Chrome/73.0.3683.86 Safari/537.36"
::1 - - [08/Apr/2019:12:45:46 +0000] "GET /api/create HTTP/1.1" 200 - "-" "Mozilla/5.0 (Windows NT 10.0; Win64; x64) AppleWebKit/537.36 (KHTML, like Gecko) Chrome/73.0.3683.86 Safari/537.36"
::1 - - [08/Apr/2019:12:46:15 +0000] "GET /api/create HTTP/1.1" 200 - "-" "Mozilla/5.0 (Windows NT 10.0; Win64; x64) AppleWebKit/537.36 (KHTML, like Gecko) Chrome/73.0.3683.86 Safari/537.36"
::1 - - [08/Apr/2019:12:47:17 +0000] "GET /api/create HTTP/1.1" 200 - "-" "Mozilla/5.0 (Windows NT 10.0; Win64; x64) AppleWebKit/537.36 (KHTML, like Gecko) Chrome/73.0.3683.86 Safari/537.36"
::1 - - [08/Apr/2019:12:47:36 +0000] "GET /api/create HTTP/1.1" 200 - "-" "Mozilla/5.0 (Windows NT 10.0; Win64; x64) AppleWebKit/537.36 (KHTML, like Gecko) Chrome/73.0.3683.86 Safari/537.36"
::1 - - [08/Apr/2019:12:48:12 +0000] "GET /api/create HTTP/1.1" 200 - "-" "Mozilla/5.0 (Windows NT 10.0; Win64; x64) AppleWebKit/537.36 (KHTML, like Gecko) Chrome/73.0.3683.86 Safari/537.36"
::1 - - [08/Apr/2019:12:48:37 +0000] "GET /api/create HTTP/1.1" 200 532 "-" "Mozilla/5.0 (Windows NT 10.0; Win64; x64) AppleWebKit/537.36 (KHTML, like Gecko) Chrome/73.0.3683.86 Safari/537.36"
::1 - - [08/Apr/2019:12:48:47 +0000] "GET /api/create HTTP/1.1" 200 312 "-" "Mozilla/5.0 (Windows NT 10.0; Win64; x64) AppleWebKit/537.36 (KHTML, like Gecko) Chrome/73.0.3683.86 Safari/537.36"
::1 - - [09/Apr/2019:05:19:33 +0000] "GET /api/delete HTTP/1.1" 200 - "-" "PostmanRuntime/7.6.1"
::1 - - [09/Apr/2019:05:20:02 +0000] "GET /api/delete HTTP/1.1" 200 - "-" "PostmanRuntime/7.6.1"
::1 - - [09/Apr/2019:05:20:56 +0000] "GET /api/delete HTTP/1.1" 200 - "-" "PostmanRuntime/7.6.1"
::1 - - [09/Apr/2019:05:21:24 +0000] "GET /api/delete HTTP/1.1" 200 - "-" "PostmanRuntime/7.6.1"
::1 - - [09/Apr/2019:05:24:05 +0000] "GET /api/delete HTTP/1.1" 200 2 "-" "PostmanRuntime/7.6.1"
::1 - - [09/Apr/2019:05:25:00 +0000] "GET /api/delete HTTP/1.1" 200 2 "-" "PostmanRuntime/7.6.1"
::1 - - [09/Apr/2019:05:25:37 +0000] "GET /api/delete HTTP/1.1" 200 2 "-" "PostmanRuntime/7.6.1"
::1 - - [09/Apr/2019:05:26:01 +0000] "GET /api/delete HTTP/1.1" 200 2 "-" "PostmanRuntime/7.6.1"
::1 - - [09/Apr/2019:05:26:30 +0000] "GET /api/delete HTTP/1.1" 200 - "-" "PostmanRuntime/7.6.1"
::1 - - [09/Apr/2019:05:27:53 +0000] "GET /api/delete HTTP/1.1" 200 - "-" "PostmanRuntime/7.6.1"
::1 - - [09/Apr/2019:05:28:35 +0000] "GET /api/delete HTTP/1.1" 200 - "-" "PostmanRuntime/7.6.1"
::1 - - [09/Apr/2019:05:35:11 +0000] "GET /api/delete HTTP/1.1" 200 - "-" "PostmanRuntime/7.6.1"
::1 - - [09/Apr/2019:05:42:04 +0000] "GET /api/delete HTTP/1.1" 200 - "-" "PostmanRuntime/7.6.1"
::1 - - [09/Apr/2019:05:45:05 +0000] "GET /api/restore HTTP/1.1" 200 - "-" "PostmanRuntime/7.6.1"
::1 - - [09/Apr/2019:06:01:16 +0000] "GET /api/restore HTTP/1.1" 200 - "-" "PostmanRuntime/7.6.1"
::1 - - [09/Apr/2019:06:01:47 +0000] "GET /api/restore HTTP/1.1" 200 - "-" "PostmanRuntime/7.6.1"
::1 - - [09/Apr/2019:06:02:46 +0000] "GET /api/restore HTTP/1.1" 200 2 "-" "PostmanRuntime/7.6.1"
::1 - - [09/Apr/2019:06:03:38 +0000] "GET /api/restore HTTP/1.1" 200 2 "-" "PostmanRuntime/7.6.1"
::1 - - [09/Apr/2019:06:04:19 +0000] "GET /api/restore HTTP/1.1" 200 - "-" "PostmanRuntime/7.6.1"
::1 - - [09/Apr/2019:06:18:44 +0000] "GET /api/restore HTTP/1.1" 200 - "-" "PostmanRuntime/7.6.1"
::1 - - [09/Apr/2019:06:23:34 +0000] "GET /api/restore HTTP/1.1" 200 - "-" "PostmanRuntime/7.6.1"
::1 - - [09/Apr/2019:06:26:24 +0000] "GET /api/restore HTTP/1.1" 200 - "-" "PostmanRuntime/7.6.1"
::1 - - [09/Apr/2019:06:31:30 +0000] "GET /api/restore HTTP/1.1" 200 - "-" "PostmanRuntime/7.6.1"
::1 - - [09/Apr/2019:06:36:50 +0000] "GET /api/restore HTTP/1.1" 200 - "-" "PostmanRuntime/7.6.1"
::1 - - [09/Apr/2019:06:46:59 +0000] "GET /api/create HTTP/1.1" 200 532 "-" "PostmanRuntime/7.6.1"
::1 - - [09/Apr/2019:06:49:17 +0000] "GET /api/create HTTP/1.1" 200 552 "-" "PostmanRuntime/7.6.1"
::1 - - [09/Apr/2019:06:51:19 +0000] "GET /api/delete HTTP/1.1" 200 28 "-" "PostmanRuntime/7.6.1"
::1 - - [09/Apr/2019:06:51:34 +0000] "GET /api/restore HTTP/1.1" 200 - "-" "PostmanRuntime/7.6.1"
::1 - - [09/Apr/2019:06:52:16 +0000] "GET /api/restore HTTP/1.1" 200 - "-" "PostmanRuntime/7.6.1"
::1 - - [09/Apr/2019:06:52:58 +0000] "GET /api/restore HTTP/1.1" 200 - "-" "PostmanRuntime/7.6.1"
::1 - - [09/Apr/2019:06:53:08 +0000] "GET /api/delete HTTP/1.1" 200 28 "-" "PostmanRuntime/7.6.1"
::1 - - [09/Apr/2019:06:53:15 +0000] "GET /api/restore HTTP/1.1" 200 - "-" "PostmanRuntime/7.6.1"
::1 - - [09/Apr/2019:06:54:29 +0000] "GET /api/delete HTTP/1.1" 200 28 "-" "PostmanRuntime/7.6.1"
::1 - - [09/Apr/2019:06:54:40 +0000] "GET /api/restore HTTP/1.1" 200 28 "-" "PostmanRuntime/7.6.1"
::1 - - [09/Apr/2019:06:56:33 +0000] "GET /api/restore HTTP/1.1" 200 28 "-" "PostmanRuntime/7.6.1"
::1 - - [09/Apr/2019:06:57:27 +0000] "GET /api/restore HTTP/1.1" 200 28 "-" "PostmanRuntime/7.6.1"
::1 - - [09/Apr/2019:06:57:44 +0000] "GET /api/restore HTTP/1.1" 200 28 "-" "PostmanRuntime/7.6.1"
::1 - - [09/Apr/2019:06:59:54 +0000] "GET /api/restore HTTP/1.1" 200 28 "-" "PostmanRuntime/7.6.1"
::1 - - [09/Apr/2019:07:00:33 +0000] "GET /api/restore HTTP/1.1" 200 28 "-" "PostmanRuntime/7.6.1"
::1 - - [09/Apr/2019:07:00:54 +0000] "GET /api/restore HTTP/1.1" 200 28 "-" "PostmanRuntime/7.6.1"
::1 - - [09/Apr/2019:08:06:43 +0000] "GET /api/restore HTTP/1.1" 200 28 "-" "PostmanRuntime/7.6.1"
::1 - - [09/Apr/2019:08:12:13 +0000] "GET /api/restore HTTP/1.1" 200 - "-" "PostmanRuntime/7.6.1"
::1 - - [09/Apr/2019:08:16:20 +0000] "GET /api/delete HTTP/1.1" 200 28 "-" "PostmanRuntime/7.6.1"
::1 - - [09/Apr/2019:08:16:32 +0000] "GET /api/delete HTTP/1.1" 200 - "-" "PostmanRuntime/7.6.1"
::1 - - [09/Apr/2019:08:18:05 +0000] "GET /api/delete HTTP/1.1" 200 - "-" "PostmanRuntime/7.6.1"
::1 - - [09/Apr/2019:08:18:24 +0000] "GET /api/delete HTTP/1.1" 200 - "-" "PostmanRuntime/7.6.1"
::1 - - [09/Apr/2019:08:18:36 +0000] "GET /api/delete HTTP/1.1" 200 28 "-" "PostmanRuntime/7.6.1"
::1 - - [09/Apr/2019:08:21:34 +0000] "GET /api/delete HTTP/1.1" 200 - "-" "PostmanRuntime/7.6.1"
::1 - - [09/Apr/2019:08:40:23 +0000] "GET /api/delete HTTP/1.1" 200 28 "-" "PostmanRuntime/7.6.1"
::1 - - [09/Apr/2019:08:45:32 +0000] "GET /api/restore HTTP/1.1" 200 - "-" "PostmanRuntime/7.6.1"
::1 - - [09/Apr/2019:08:46:08 +0000] "GET /api/restore HTTP/1.1" 200 - "-" "PostmanRuntime/7.6.1"
::1 - - [09/Apr/2019:08:46:36 +0000] "GET /api/restore HTTP/1.1" 200 - "-" "PostmanRuntime/7.6.1"
::1 - - [09/Apr/2019:08:47:05 +0000] "GET /api/restore HTTP/1.1" 200 - "-" "PostmanRuntime/7.6.1"
::1 - - [09/Apr/2019:08:48:45 +0000] "GET /api/restore HTTP/1.1" 200 49 "-" "PostmanRuntime/7.6.1"
::1 - - [09/Apr/2019:08:50:14 +0000] "GET /api/delete HTTP/1.1" 200 49 "-" "PostmanRuntime/7.6.1"
::1 - - [09/Apr/2019:08:50:25 +0000] "GET /api/restore HTTP/1.1" 200 49 "-" "PostmanRuntime/7.6.1"
::1 - - [09/Apr/2019:10:52:00 +0000] "GET /api/create HTTP/1.1" 200 - "-" "PostmanRuntime/7.6.1"
::1 - - [09/Apr/2019:10:52:27 +0000] "GET /api/create HTTP/1.1" - - "-" "PostmanRuntime/7.6.1"
::1 - - [09/Apr/2019:12:19:16 +0000] "POST /api/login?email=bhumika@openxcell.comm&password=123456 HTTP/1.1" 422 74 "-" "PostmanRuntime/7.6.1"
::1 - - [09/Apr/2019:12:20:00 +0000] "POST /api/login?email=bhumika@openxcell.comm&password=123456 HTTP/1.1" 422 74 "-" "PostmanRuntime/7.6.1"
::1 - - [09/Apr/2019:12:23:47 +0000] "POST /api/login?email=bhumika@openxcell.comm&password=123456 HTTP/1.1" 422 74 "-" "PostmanRuntime/7.6.1"
::1 - - [09/Apr/2019:12:27:14 +0000] "POST /api/login HTTP/1.1" 422 42 "-" "PostmanRuntime/7.6.1"
::1 - - [09/Apr/2019:12:28:29 +0000] "POST /api/login HTTP/1.1" 422 44 "-" "PostmanRuntime/7.6.1"
::1 - - [09/Apr/2019:12:29:17 +0000] "POST /api/login HTTP/1.1" 422 44 "-" "PostmanRuntime/7.6.1"
::1 - - [09/Apr/2019:12:31:36 +0000] "POST /api/login HTTP/1.1" - - "-" "PostmanRuntime/7.6.1"
::1 - - [09/Apr/2019:12:33:09 +0000] "POST /api/login HTTP/1.1" - - "-" "PostmanRuntime/7.6.1"
::1 - - [09/Apr/2019:12:34:57 +0000] "POST /api/login HTTP/1.1" - - "-" "PostmanRuntime/7.6.1"
::1 - - [09/Apr/2019:12:43:51 +0000] "POST /api/login HTTP/1.1" - - "-" "PostmanRuntime/7.6.1"
::1 - - [09/Apr/2019:12:50:37 +0000] "POST /api/login HTTP/1.1" - - "-" "PostmanRuntime/7.6.1"
::1 - - [09/Apr/2019:12:51:46 +0000] "POST /api/login HTTP/1.1" - - "-" "PostmanRuntime/7.6.1"
::1 - - [09/Apr/2019:12:56:26 +0000] "POST /api/login HTTP/1.1" - - "-" "PostmanRuntime/7.6.1"
::1 - - [09/Apr/2019:12:56:26 +0000] "POST /api/login HTTP/1.1" - - "-" "PostmanRuntime/7.6.1"
::1 - - [09/Apr/2019:12:58:34 +0000] "POST /api/login HTTP/1.1" - - "-" "PostmanRuntime/7.6.1"
::1 - - [09/Apr/2019:13:06:53 +0000] "POST /api/login HTTP/1.1" - - "-" "PostmanRuntime/7.6.1"
::1 - - [09/Apr/2019:13:07:01 +0000] "POST /api/login HTTP/1.1" - - "-" "PostmanRuntime/7.6.1"
::1 - - [09/Apr/2019:13:08:46 +0000] "POST /api/login HTTP/1.1" - - "-" "PostmanRuntime/7.6.1"
::1 - - [09/Apr/2019:13:10:13 +0000] "POST /api/login HTTP/1.1" - - "-" "PostmanRuntime/7.6.1"
::1 - - [09/Apr/2019:13:11:05 +0000] "POST /api/login HTTP/1.1" - - "-" "PostmanRuntime/7.6.1"
::1 - - [09/Apr/2019:13:12:26 +0000] "POST /api/login HTTP/1.1" - - "-" "PostmanRuntime/7.6.1"
::1 - - [09/Apr/2019:13:15:42 +0000] "POST /api/login HTTP/1.1" - - "-" "PostmanRuntime/7.6.1"
::1 - - [10/Apr/2019:03:31:04 +0000] "POST /api/login HTTP/1.1" - - "-" "PostmanRuntime/7.6.1"
::1 - - [10/Apr/2019:03:36:35 +0000] "POST /api/login HTTP/1.1" 422 68 "-" "PostmanRuntime/7.6.1"
::1 - - [10/Apr/2019:03:42:36 +0000] "POST /api/login HTTP/1.1" 200 346 "-" "PostmanRuntime/7.6.1"
::1 - - [10/Apr/2019:03:42:51 +0000] "POST /api/login HTTP/1.1" 200 378 "-" "PostmanRuntime/7.6.1"
::1 - - [10/Apr/2019:03:48:32 +0000] "POST /api/login HTTP/1.1" 200 368 "-" "PostmanRuntime/7.6.1"
::1 - - [10/Apr/2019:03:50:04 +0000] "POST /api/login HTTP/1.1" 200 368 "-" "PostmanRuntime/7.6.1"
::1 - - [10/Apr/2019:03:50:09 +0000] "POST /api/login HTTP/1.1" 200 378 "-" "PostmanRuntime/7.6.1"
::1 - - [10/Apr/2019:03:50:31 +0000] "POST /api/login HTTP/1.1" 200 563 "-" "PostmanRuntime/7.6.1"
